<?xml version="1.0" encoding="UTF-8"?>
<!-- Generated by org.testng.reporters.JUnitReportReporter -->
<testsuite hostname="LCE54780" failures="0" tests="4" name="ui.HomePageTests" time="20.747" errors="0" timestamp="2023-08-18T12:55:51 CEST" skipped="0">
  <testcase classname="ui.HomePageTests" name="shouldLogin" time="6.297"/>
  <system-out/>
  <testcase classname="ui.HomePageTests" name="checkIfLabelsDisplayCorrectValues" time="9.538"/>
  <system-out/>
  <testcase classname="ui.HomePageTests" name="shouldLoginWithAlert" time="2.568"/>
  <system-out/>
  <testcase classname="ui.HomePageTests" name="shouldNotLogin" time="2.344"/>
  <system-out/>
</testsuite> <!-- ui.HomePageTests -->
