<?xml version="1.0" encoding="UTF-8"?>
<testsuite xmlns:xsi="http://www.w3.org/2001/XMLSchema-instance" xsi:noNamespaceSchemaLocation="https://maven.apache.org/surefire/maven-surefire-plugin/xsd/surefire-test-report-3.0.xsd" version="3.0" name="TestSuite" time="38.208" tests="4" errors="0" skipped="0" failures="0">
  <properties>
    <property name="slowmo" value="100"/>
    <property name="java.specification.version" value="19"/>
    <property name="sun.cpu.isalist" value="amd64"/>
    <property name="sun.jnu.encoding" value="Cp1250"/>
    <property name="java.class.path" value="C:\Users\jjakubia\IdeaProjects\nft-mvp\cert-viewer-e2e-tests\target\test-classes;C:\Users\jjakubia\IdeaProjects\nft-mvp\cert-viewer-e2e-tests\target\classes;C:\Users\jjakubia\.m2\repository\org\testng\testng\7.7.1\testng-7.7.1.jar;C:\Users\jjakubia\.m2\repository\com\beust\jcommander\1.82\jcommander-1.82.jar;C:\Users\jjakubia\.m2\repository\org\webjars\jquery\3.6.1\jquery-3.6.1.jar;C:\Users\jjakubia\.m2\repository\org\assertj\assertj-core\3.24.2\assertj-core-3.24.2.jar;C:\Users\jjakubia\.m2\repository\net\bytebuddy\byte-buddy\1.12.21\byte-buddy-1.12.21.jar;C:\Users\jjakubia\.m2\repository\org\slf4j\slf4j-api\2.0.7\slf4j-api-2.0.7.jar;C:\Users\jjakubia\.m2\repository\org\slf4j\slf4j-simple\2.0.7\slf4j-simple-2.0.7.jar;C:\Users\jjakubia\.m2\repository\org\json\json\20230618\json-20230618.jar;C:\Users\jjakubia\.m2\repository\com\fasterxml\jackson\core\jackson-databind\2.14.2\jackson-databind-2.14.2.jar;C:\Users\jjakubia\.m2\repository\com\fasterxml\jackson\core\jackson-annotations\2.14.2\jackson-annotations-2.14.2.jar;C:\Users\jjakubia\.m2\repository\com\fasterxml\jackson\core\jackson-core\2.14.2\jackson-core-2.14.2.jar;C:\Users\jjakubia\.m2\repository\com\google\code\gson\gson\2.10.1\gson-2.10.1.jar;C:\Users\jjakubia\.m2\repository\com\fasterxml\jackson\datatype\jackson-datatype-jsr310\2.14.2\jackson-datatype-jsr310-2.14.2.jar;C:\Users\jjakubia\.m2\repository\io\qameta\allure\allure-testng\2.21.0\allure-testng-2.21.0.jar;C:\Users\jjakubia\.m2\repository\io\qameta\allure\allure-java-commons\2.21.0\allure-java-commons-2.21.0.jar;C:\Users\jjakubia\.m2\repository\io\qameta\allure\allure-model\2.21.0\allure-model-2.21.0.jar;C:\Users\jjakubia\.m2\repository\io\qameta\allure\allure-test-filter\2.21.0\allure-test-filter-2.21.0.jar;C:\Users\jjakubia\.m2\repository\com\microsoft\playwright\playwright\1.35.0\playwright-1.35.0.jar;C:\Users\jjakubia\.m2\repository\org\opentest4j\opentest4j\1.2.0\opentest4j-1.2.0.jar;C:\Users\jjakubia\.m2\repository\com\microsoft\playwright\driver\1.35.0\driver-1.35.0.jar;C:\Users\jjakubia\.m2\repository\com\microsoft\playwright\driver-bundle\1.35.0\driver-bundle-1.35.0.jar;C:\Users\jjakubia\.m2\repository\commons-io\commons-io\2.11.0\commons-io-2.11.0.jar;C:\Users\jjakubia\.m2\repository\org\projectlombok\lombok\1.18.24\lombok-1.18.24.jar;C:\Users\jjakubia\.m2\repository\org\apache\commons\commons-lang3\3.12.0\commons-lang3-3.12.0.jar;C:\Users\jjakubia\.m2\repository\org\junit\jupiter\junit-jupiter-engine\5.9.2\junit-jupiter-engine-5.9.2.jar;C:\Users\jjakubia\.m2\repository\org\junit\platform\junit-platform-engine\1.9.2\junit-platform-engine-1.9.2.jar;C:\Users\jjakubia\.m2\repository\org\junit\platform\junit-platform-commons\1.9.2\junit-platform-commons-1.9.2.jar;C:\Users\jjakubia\.m2\repository\org\junit\jupiter\junit-jupiter-api\5.9.2\junit-jupiter-api-5.9.2.jar;C:\Users\jjakubia\.m2\repository\org\apiguardian\apiguardian-api\1.1.2\apiguardian-api-1.1.2.jar;C:\Users\jjakubia\.m2\repository\com\capgemini\mrchecker\mrchecker-playwright-module\2023.04.04\mrchecker-playwright-module-2023.04.04.jar;C:\Users\jjakubia\.m2\repository\com\google\guava\guava\31.1-jre\guava-31.1-jre.jar;C:\Users\jjakubia\.m2\repository\com\google\guava\failureaccess\1.0.1\failureaccess-1.0.1.jar;C:\Users\jjakubia\.m2\repository\com\google\guava\listenablefuture\9999.0-empty-to-avoid-conflict-with-guava\listenablefuture-9999.0-empty-to-avoid-conflict-with-guava.jar;C:\Users\jjakubia\.m2\repository\com\google\code\findbugs\jsr305\3.0.2\jsr305-3.0.2.jar;C:\Users\jjakubia\.m2\repository\org\checkerframework\checker-qual\3.12.0\checker-qual-3.12.0.jar;C:\Users\jjakubia\.m2\repository\com\google\errorprone\error_prone_annotations\2.11.0\error_prone_annotations-2.11.0.jar;C:\Users\jjakubia\.m2\repository\com\google\j2objc\j2objc-annotations\1.3\j2objc-annotations-1.3.jar;C:\Users\jjakubia\.m2\repository\com\capgemini\mrchecker\mrchecker-core-module\2023.04.04\mrchecker-core-module-2023.04.04.jar;C:\Users\jjakubia\.m2\repository\org\apache\logging\log4j\log4j-core\2.20.0\log4j-core-2.20.0.jar;C:\Users\jjakubia\.m2\repository\org\apache\logging\log4j\log4j-api\2.20.0\log4j-api-2.20.0.jar;C:\Users\jjakubia\.m2\repository\org\aspectj\aspectjweaver\1.9.19\aspectjweaver-1.9.19.jar;C:\Users\jjakubia\.m2\repository\org\jasypt\jasypt\1.9.3\jasypt-1.9.3.jar;C:\Users\jjakubia\.m2\repository\io\cucumber\cucumber-java\7.11.2\cucumber-java-7.11.2.jar;C:\Users\jjakubia\.m2\repository\io\cucumber\cucumber-java8\7.11.2\cucumber-java8-7.11.2.jar;C:\Users\jjakubia\.m2\repository\net\jodah\typetools\0.6.3\typetools-0.6.3.jar;C:\Users\jjakubia\.m2\repository\io\cucumber\cucumber-core\7.11.2\cucumber-core-7.11.2.jar;C:\Users\jjakubia\.m2\repository\io\cucumber\cucumber-gherkin\7.11.2\cucumber-gherkin-7.11.2.jar;C:\Users\jjakubia\.m2\repository\io\cucumber\cucumber-gherkin-messages\7.11.2\cucumber-gherkin-messages-7.11.2.jar;C:\Users\jjakubia\.m2\repository\io\cucumber\messages\21.0.1\messages-21.0.1.jar;C:\Users\jjakubia\.m2\repository\io\cucumber\tag-expressions\5.0.1\tag-expressions-5.0.1.jar;C:\Users\jjakubia\.m2\repository\io\cucumber\cucumber-expressions\16.1.2\cucumber-expressions-16.1.2.jar;C:\Users\jjakubia\.m2\repository\io\cucumber\datatable\7.11.2\datatable-7.11.2.jar;C:\Users\jjakubia\.m2\repository\io\cucumber\cucumber-plugin\7.11.2\cucumber-plugin-7.11.2.jar;C:\Users\jjakubia\.m2\repository\io\cucumber\docstring\7.11.2\docstring-7.11.2.jar;C:\Users\jjakubia\.m2\repository\io\cucumber\html-formatter\20.2.1\html-formatter-20.2.1.jar;C:\Users\jjakubia\.m2\repository\io\cucumber\junit-xml-formatter\0.1.0\junit-xml-formatter-0.1.0.jar;C:\Users\jjakubia\.m2\repository\io\cucumber\ci-environment\9.1.0\ci-environment-9.1.0.jar;C:\Users\jjakubia\.m2\repository\io\cucumber\cucumber-junit\7.11.2\cucumber-junit-7.11.2.jar;C:\Users\jjakubia\.m2\repository\junit\junit\4.13.2\junit-4.13.2.jar;C:\Users\jjakubia\.m2\repository\org\hamcrest\hamcrest-core\1.3\hamcrest-core-1.3.jar;C:\Users\jjakubia\.m2\repository\io\cucumber\cucumber-junit-platform-engine\7.11.2\cucumber-junit-platform-engine-7.11.2.jar;C:\Users\jjakubia\.m2\repository\net\masterthought\cucumber-reporting\5.7.5\cucumber-reporting-5.7.5.jar;C:\Users\jjakubia\.m2\repository\org\apache\velocity\velocity-engine-core\2.3\velocity-engine-core-2.3.jar;C:\Users\jjakubia\.m2\repository\org\codehaus\plexus\plexus-utils\3.5.0\plexus-utils-3.5.0.jar;C:\Users\jjakubia\.m2\repository\org\jsoup\jsoup\1.15.4\jsoup-1.15.4.jar;C:\Users\jjakubia\.m2\repository\com\googlecode\owasp-java-html-sanitizer\owasp-java-html-sanitizer\20220608.1\owasp-java-html-sanitizer-20220608.1.jar;C:\Users\jjakubia\.m2\repository\commons-configuration\commons-configuration\1.10\commons-configuration-1.10.jar;C:\Users\jjakubia\.m2\repository\commons-lang\commons-lang\2.6\commons-lang-2.6.jar;C:\Users\jjakubia\.m2\repository\commons-logging\commons-logging\1.1.1\commons-logging-1.1.1.jar;C:\Users\jjakubia\.m2\repository\io\cucumber\gherkin\26.1.0\gherkin-26.1.0.jar;C:\Users\jjakubia\.m2\repository\com\intellij\forms_rt\7.0.3\forms_rt-7.0.3.jar;C:\Users\jjakubia\.m2\repository\asm\asm-commons\3.0\asm-commons-3.0.jar;C:\Users\jjakubia\.m2\repository\asm\asm-tree\3.0\asm-tree-3.0.jar;C:\Users\jjakubia\.m2\repository\asm\asm\3.0\asm-3.0.jar;C:\Users\jjakubia\.m2\repository\com\jgoodies\forms\1.1-preview\forms-1.1-preview.jar;C:\Users\jjakubia\.m2\repository\jdom\jdom\1.0\jdom-1.0.jar;C:\Users\jjakubia\.m2\repository\com\google\inject\guice\5.1.0\guice-5.1.0.jar;C:\Users\jjakubia\.m2\repository\javax\inject\javax.inject\1\javax.inject-1.jar;C:\Users\jjakubia\.m2\repository\aopalliance\aopalliance\1.0\aopalliance-1.0.jar;C:\Users\jjakubia\.m2\repository\org\junit\platform\junit-platform-console-standalone\1.9.2\junit-platform-console-standalone-1.9.2.jar;C:\Users\jjakubia\.m2\repository\org\mockito\mockito-core\4.11.0\mockito-core-4.11.0.jar;C:\Users\jjakubia\.m2\repository\net\bytebuddy\byte-buddy-agent\1.12.19\byte-buddy-agent-1.12.19.jar;C:\Users\jjakubia\.m2\repository\org\objenesis\objenesis\3.3\objenesis-3.3.jar;C:\Users\jjakubia\.m2\repository\org\apache\commons\commons-csv\1.10.0\commons-csv-1.10.0.jar;C:\Users\jjakubia\.m2\repository\org\apache\commons\commons-collections4\4.4\commons-collections4-4.4.jar;C:\Users\jjakubia\.m2\repository\joda-time\joda-time\2.12.2\joda-time-2.12.2.jar;"/>
    <property name="java.vm.vendor" value="Oracle Corporation"/>
    <property name="sun.arch.data.model" value="64"/>
    <property name="user.variant" value=""/>
    <property name="java.vendor.url" value="https://java.oracle.com/"/>
    <property name="user.timezone" value="Europe/Warsaw"/>
    <property name="user.country.format" value="PL"/>
    <property name="os.name" value="Windows 11"/>
    <property name="java.vm.specification.version" value="19"/>
    <property name="sun.java.launcher" value="SUN_STANDARD"/>
    <property name="user.country" value="US"/>
    <property name="sun.boot.library.path" value="C:\Program Files\Java\jdk-19\bin"/>
    <property name="sun.java.command" value="C:\Users\jjakubia\AppData\Local\Temp\surefire13201621797035152620\surefirebooter-20230818125511089_3.jar C:\Users\jjakubia\AppData\Local\Temp\surefire13201621797035152620 2023-08-18T12-55-10_758-jvmRun1 surefire-20230818125511089_1tmp surefire_0-20230818125511089_2tmp"/>
    <property name="jdk.debug" value="release"/>
    <property name="surefire.test.class.path" value="C:\Users\jjakubia\IdeaProjects\nft-mvp\cert-viewer-e2e-tests\target\test-classes;C:\Users\jjakubia\IdeaProjects\nft-mvp\cert-viewer-e2e-tests\target\classes;C:\Users\jjakubia\.m2\repository\org\testng\testng\7.7.1\testng-7.7.1.jar;C:\Users\jjakubia\.m2\repository\com\beust\jcommander\1.82\jcommander-1.82.jar;C:\Users\jjakubia\.m2\repository\org\webjars\jquery\3.6.1\jquery-3.6.1.jar;C:\Users\jjakubia\.m2\repository\org\assertj\assertj-core\3.24.2\assertj-core-3.24.2.jar;C:\Users\jjakubia\.m2\repository\net\bytebuddy\byte-buddy\1.12.21\byte-buddy-1.12.21.jar;C:\Users\jjakubia\.m2\repository\org\slf4j\slf4j-api\2.0.7\slf4j-api-2.0.7.jar;C:\Users\jjakubia\.m2\repository\org\slf4j\slf4j-simple\2.0.7\slf4j-simple-2.0.7.jar;C:\Users\jjakubia\.m2\repository\org\json\json\20230618\json-20230618.jar;C:\Users\jjakubia\.m2\repository\com\fasterxml\jackson\core\jackson-databind\2.14.2\jackson-databind-2.14.2.jar;C:\Users\jjakubia\.m2\repository\com\fasterxml\jackson\core\jackson-annotations\2.14.2\jackson-annotations-2.14.2.jar;C:\Users\jjakubia\.m2\repository\com\fasterxml\jackson\core\jackson-core\2.14.2\jackson-core-2.14.2.jar;C:\Users\jjakubia\.m2\repository\com\google\code\gson\gson\2.10.1\gson-2.10.1.jar;C:\Users\jjakubia\.m2\repository\com\fasterxml\jackson\datatype\jackson-datatype-jsr310\2.14.2\jackson-datatype-jsr310-2.14.2.jar;C:\Users\jjakubia\.m2\repository\io\qameta\allure\allure-testng\2.21.0\allure-testng-2.21.0.jar;C:\Users\jjakubia\.m2\repository\io\qameta\allure\allure-java-commons\2.21.0\allure-java-commons-2.21.0.jar;C:\Users\jjakubia\.m2\repository\io\qameta\allure\allure-model\2.21.0\allure-model-2.21.0.jar;C:\Users\jjakubia\.m2\repository\io\qameta\allure\allure-test-filter\2.21.0\allure-test-filter-2.21.0.jar;C:\Users\jjakubia\.m2\repository\com\microsoft\playwright\playwright\1.35.0\playwright-1.35.0.jar;C:\Users\jjakubia\.m2\repository\org\opentest4j\opentest4j\1.2.0\opentest4j-1.2.0.jar;C:\Users\jjakubia\.m2\repository\com\microsoft\playwright\driver\1.35.0\driver-1.35.0.jar;C:\Users\jjakubia\.m2\repository\com\microsoft\playwright\driver-bundle\1.35.0\driver-bundle-1.35.0.jar;C:\Users\jjakubia\.m2\repository\commons-io\commons-io\2.11.0\commons-io-2.11.0.jar;C:\Users\jjakubia\.m2\repository\org\projectlombok\lombok\1.18.24\lombok-1.18.24.jar;C:\Users\jjakubia\.m2\repository\org\apache\commons\commons-lang3\3.12.0\commons-lang3-3.12.0.jar;C:\Users\jjakubia\.m2\repository\org\junit\jupiter\junit-jupiter-engine\5.9.2\junit-jupiter-engine-5.9.2.jar;C:\Users\jjakubia\.m2\repository\org\junit\platform\junit-platform-engine\1.9.2\junit-platform-engine-1.9.2.jar;C:\Users\jjakubia\.m2\repository\org\junit\platform\junit-platform-commons\1.9.2\junit-platform-commons-1.9.2.jar;C:\Users\jjakubia\.m2\repository\org\junit\jupiter\junit-jupiter-api\5.9.2\junit-jupiter-api-5.9.2.jar;C:\Users\jjakubia\.m2\repository\org\apiguardian\apiguardian-api\1.1.2\apiguardian-api-1.1.2.jar;C:\Users\jjakubia\.m2\repository\com\capgemini\mrchecker\mrchecker-playwright-module\2023.04.04\mrchecker-playwright-module-2023.04.04.jar;C:\Users\jjakubia\.m2\repository\com\google\guava\guava\31.1-jre\guava-31.1-jre.jar;C:\Users\jjakubia\.m2\repository\com\google\guava\failureaccess\1.0.1\failureaccess-1.0.1.jar;C:\Users\jjakubia\.m2\repository\com\google\guava\listenablefuture\9999.0-empty-to-avoid-conflict-with-guava\listenablefuture-9999.0-empty-to-avoid-conflict-with-guava.jar;C:\Users\jjakubia\.m2\repository\com\google\code\findbugs\jsr305\3.0.2\jsr305-3.0.2.jar;C:\Users\jjakubia\.m2\repository\org\checkerframework\checker-qual\3.12.0\checker-qual-3.12.0.jar;C:\Users\jjakubia\.m2\repository\com\google\errorprone\error_prone_annotations\2.11.0\error_prone_annotations-2.11.0.jar;C:\Users\jjakubia\.m2\repository\com\google\j2objc\j2objc-annotations\1.3\j2objc-annotations-1.3.jar;C:\Users\jjakubia\.m2\repository\com\capgemini\mrchecker\mrchecker-core-module\2023.04.04\mrchecker-core-module-2023.04.04.jar;C:\Users\jjakubia\.m2\repository\org\apache\logging\log4j\log4j-core\2.20.0\log4j-core-2.20.0.jar;C:\Users\jjakubia\.m2\repository\org\apache\logging\log4j\log4j-api\2.20.0\log4j-api-2.20.0.jar;C:\Users\jjakubia\.m2\repository\org\aspectj\aspectjweaver\1.9.19\aspectjweaver-1.9.19.jar;C:\Users\jjakubia\.m2\repository\org\jasypt\jasypt\1.9.3\jasypt-1.9.3.jar;C:\Users\jjakubia\.m2\repository\io\cucumber\cucumber-java\7.11.2\cucumber-java-7.11.2.jar;C:\Users\jjakubia\.m2\repository\io\cucumber\cucumber-java8\7.11.2\cucumber-java8-7.11.2.jar;C:\Users\jjakubia\.m2\repository\net\jodah\typetools\0.6.3\typetools-0.6.3.jar;C:\Users\jjakubia\.m2\repository\io\cucumber\cucumber-core\7.11.2\cucumber-core-7.11.2.jar;C:\Users\jjakubia\.m2\repository\io\cucumber\cucumber-gherkin\7.11.2\cucumber-gherkin-7.11.2.jar;C:\Users\jjakubia\.m2\repository\io\cucumber\cucumber-gherkin-messages\7.11.2\cucumber-gherkin-messages-7.11.2.jar;C:\Users\jjakubia\.m2\repository\io\cucumber\messages\21.0.1\messages-21.0.1.jar;C:\Users\jjakubia\.m2\repository\io\cucumber\tag-expressions\5.0.1\tag-expressions-5.0.1.jar;C:\Users\jjakubia\.m2\repository\io\cucumber\cucumber-expressions\16.1.2\cucumber-expressions-16.1.2.jar;C:\Users\jjakubia\.m2\repository\io\cucumber\datatable\7.11.2\datatable-7.11.2.jar;C:\Users\jjakubia\.m2\repository\io\cucumber\cucumber-plugin\7.11.2\cucumber-plugin-7.11.2.jar;C:\Users\jjakubia\.m2\repository\io\cucumber\docstring\7.11.2\docstring-7.11.2.jar;C:\Users\jjakubia\.m2\repository\io\cucumber\html-formatter\20.2.1\html-formatter-20.2.1.jar;C:\Users\jjakubia\.m2\repository\io\cucumber\junit-xml-formatter\0.1.0\junit-xml-formatter-0.1.0.jar;C:\Users\jjakubia\.m2\repository\io\cucumber\ci-environment\9.1.0\ci-environment-9.1.0.jar;C:\Users\jjakubia\.m2\repository\io\cucumber\cucumber-junit\7.11.2\cucumber-junit-7.11.2.jar;C:\Users\jjakubia\.m2\repository\junit\junit\4.13.2\junit-4.13.2.jar;C:\Users\jjakubia\.m2\repository\org\hamcrest\hamcrest-core\1.3\hamcrest-core-1.3.jar;C:\Users\jjakubia\.m2\repository\io\cucumber\cucumber-junit-platform-engine\7.11.2\cucumber-junit-platform-engine-7.11.2.jar;C:\Users\jjakubia\.m2\repository\net\masterthought\cucumber-reporting\5.7.5\cucumber-reporting-5.7.5.jar;C:\Users\jjakubia\.m2\repository\org\apache\velocity\velocity-engine-core\2.3\velocity-engine-core-2.3.jar;C:\Users\jjakubia\.m2\repository\org\codehaus\plexus\plexus-utils\3.5.0\plexus-utils-3.5.0.jar;C:\Users\jjakubia\.m2\repository\org\jsoup\jsoup\1.15.4\jsoup-1.15.4.jar;C:\Users\jjakubia\.m2\repository\com\googlecode\owasp-java-html-sanitizer\owasp-java-html-sanitizer\20220608.1\owasp-java-html-sanitizer-20220608.1.jar;C:\Users\jjakubia\.m2\repository\commons-configuration\commons-configuration\1.10\commons-configuration-1.10.jar;C:\Users\jjakubia\.m2\repository\commons-lang\commons-lang\2.6\commons-lang-2.6.jar;C:\Users\jjakubia\.m2\repository\commons-logging\commons-logging\1.1.1\commons-logging-1.1.1.jar;C:\Users\jjakubia\.m2\repository\io\cucumber\gherkin\26.1.0\gherkin-26.1.0.jar;C:\Users\jjakubia\.m2\repository\com\intellij\forms_rt\7.0.3\forms_rt-7.0.3.jar;C:\Users\jjakubia\.m2\repository\asm\asm-commons\3.0\asm-commons-3.0.jar;C:\Users\jjakubia\.m2\repository\asm\asm-tree\3.0\asm-tree-3.0.jar;C:\Users\jjakubia\.m2\repository\asm\asm\3.0\asm-3.0.jar;C:\Users\jjakubia\.m2\repository\com\jgoodies\forms\1.1-preview\forms-1.1-preview.jar;C:\Users\jjakubia\.m2\repository\jdom\jdom\1.0\jdom-1.0.jar;C:\Users\jjakubia\.m2\repository\com\google\inject\guice\5.1.0\guice-5.1.0.jar;C:\Users\jjakubia\.m2\repository\javax\inject\javax.inject\1\javax.inject-1.jar;C:\Users\jjakubia\.m2\repository\aopalliance\aopalliance\1.0\aopalliance-1.0.jar;C:\Users\jjakubia\.m2\repository\org\junit\platform\junit-platform-console-standalone\1.9.2\junit-platform-console-standalone-1.9.2.jar;C:\Users\jjakubia\.m2\repository\org\mockito\mockito-core\4.11.0\mockito-core-4.11.0.jar;C:\Users\jjakubia\.m2\repository\net\bytebuddy\byte-buddy-agent\1.12.19\byte-buddy-agent-1.12.19.jar;C:\Users\jjakubia\.m2\repository\org\objenesis\objenesis\3.3\objenesis-3.3.jar;C:\Users\jjakubia\.m2\repository\org\apache\commons\commons-csv\1.10.0\commons-csv-1.10.0.jar;C:\Users\jjakubia\.m2\repository\org\apache\commons\commons-collections4\4.4\commons-collections4-4.4.jar;C:\Users\jjakubia\.m2\repository\joda-time\joda-time\2.12.2\joda-time-2.12.2.jar;"/>
    <property name="sun.cpu.endian" value="little"/>
    <property name="user.home" value="C:\Users\jjakubia"/>
    <property name="user.language" value="en"/>
    <property name="java.specification.vendor" value="Oracle Corporation"/>
    <property name="java.version.date" value="2022-09-20"/>
    <property name="java.home" value="C:\Program Files\Java\jdk-19"/>
    <property name="file.separator" value="\"/>
    <property name="basedir" value="C:\Users\jjakubia\IdeaProjects\nft-mvp\cert-viewer-e2e-tests"/>
    <property name="java.vm.compressedOopsMode" value="32-bit"/>
    <property name="line.separator" value="&#10;"/>
    <property name="java.vm.specification.vendor" value="Oracle Corporation"/>
    <property name="java.specification.name" value="Java Platform API Specification"/>
    <property name="surefire.real.class.path" value="C:\Users\jjakubia\AppData\Local\Temp\surefire13201621797035152620\surefirebooter-20230818125511089_3.jar"/>
    <property name="user.script" value=""/>
    <property name="sun.management.compiler" value="HotSpot 64-Bit Tiered Compilers"/>
    <property name="java.runtime.version" value="19+36-2238"/>
    <property name="user.name" value="jjakubia"/>
    <property name="stdout.encoding" value="Cp1250"/>
    <property name="path.separator" value=";"/>
    <property name="os.version" value="10.0"/>
    <property name="java.runtime.name" value="Java(TM) SE Runtime Environment"/>
    <property name="file.encoding" value="UTF-8"/>
    <property name="browser" value="chromium"/>
    <property name="java.vm.name" value="Java HotSpot(TM) 64-Bit Server VM"/>
    <property name="localRepository" value="C:\Users\jjakubia\.m2\repository"/>
    <property name="java.vendor.url.bug" value="https://bugreport.java.com/bugreport/"/>
    <property name="java.io.tmpdir" value="C:\Users\jjakubia\AppData\Local\Temp\"/>
    <property name="idea.version" value="2022.3"/>
    <property name="java.version" value="19"/>
    <property name="user.dir" value="C:\Users\jjakubia\IdeaProjects\nft-mvp\cert-viewer-e2e-tests"/>
    <property name="os.arch" value="amd64"/>
    <property name="groups" value=""/>
    <property name="java.vm.specification.name" value="Java Virtual Machine Specification"/>
    <property name="user.language.format" value="pl"/>
    <property name="sun.os.patch.level" value=""/>
    <property name="headless" value="true"/>
    <property name="native.encoding" value="Cp1250"/>
    <property name="java.library.path" value="C:\Program Files\Java\jdk-19\bin;C:\WINDOWS\Sun\Java\bin;C:\WINDOWS\system32;C:\WINDOWS;C:\Program Files\Common Files\Oracle\Java\javapath;C:\Program Files (x86)\Common Files\Oracle\Java\javapath;C:\Program Files\Eclipse Foundation\jdk-11.0.12.7-hotspot\bin;C:\WINDOWS\system32;C:\WINDOWS;C:\WINDOWS\System32\Wbem;C:\WINDOWS\System32\WindowsPowerShell\v1.0\;C:\WINDOWS\System32\OpenSSH\;C:\Program Files\nodejs\;C:\Program Files\Maven\apache-maven-3.8.6\bin;C:\Program Files\MATLAB\R2022b\bin;C:\Users\jjakubia\AppData\Local\Microsoft\WindowsApps;C:\Users\jjakubia\AppData\Local\atom-nightly\bin;C:\Users\jjakubia\AppData\Local\Programs\Git\cmd;C:\Users\jjakubia\AppData\Local\Programs\Microsoft VS Code\bin;C:\Users\jjakubia\AppData\Local\atom-nightly\app-1.63.0-nightly1;C:\Users\jjakubia\AppData\Local\atom\bin;C:\Users\jjakubia\AppData\Roaming\npm;C:\Users\jjakubia\AppData\Local\Microsoft\WindowsApps;;C:\Program Files\JetBrains\PyCharm Community Edition 2022.3.2\bin;;C:\Program Files\JetBrains\Aqua 231.9206\bin;;."/>
    <property name="java.vm.info" value="mixed mode, sharing"/>
    <property name="stderr.encoding" value="Cp1250"/>
    <property name="java.vendor" value="Oracle Corporation"/>
    <property name="java.vm.version" value="19+36-2238"/>
    <property name="sun.io.unicode.encoding" value="UnicodeLittle"/>
    <property name="java.class.version" value="63.0"/>
  </properties>
  <testcase name="shouldLogin" classname="ui.HomePageTests" time="0.946">
    <system-out><![CDATA[2023-08-18 at 12:55:33 CEST [main] &amp#27;[32mlogInfo&amp#27;[m - Loading URL:https://certviewer-00.azurewebsites.net
2023-08-18 at 12:55:36 CEST [main] &amp#27;[32mlogInfo&amp#27;[m - Filling email field with:joe.fortesting@capgemini.com
2023-08-18 at 12:55:36 CEST [main] &amp#27;[32mlogInfo&amp#27;[m - Clicking GET CERTIFICATES button
]]></system-out>
  </testcase>
  <testcase name="shouldLoginWithAlert" classname="ui.HomePageTests" time="0.558">
    <system-out><![CDATA[2023-08-18 at 12:55:37 CEST [main] &amp#27;[32mlogInfo&amp#27;[m - Loading URL:https://certviewer-00.azurewebsites.net
2023-08-18 at 12:55:38 CEST [main] &amp#27;[32mlogInfo&amp#27;[m - Filling email field with:test@capgemini.com
2023-08-18 at 12:55:39 CEST [main] &amp#27;[32mlogInfo&amp#27;[m - Clicking GET CERTIFICATES button
]]></system-out>
  </testcase>
  <testcase name="shouldNotLogin" classname="ui.HomePageTests" time="0.517">
    <system-out><![CDATA[2023-08-18 at 12:55:39 CEST [main] &amp#27;[32mlogInfo&amp#27;[m - Loading URL:https://certviewer-00.azurewebsites.net
2023-08-18 at 12:55:41 CEST [main] &amp#27;[32mlogInfo&amp#27;[m - Filling email field with:test@test.com
2023-08-18 at 12:55:41 CEST [main] &amp#27;[32mlogInfo&amp#27;[m - Clicking GET CERTIFICATES button
]]></system-out>
  </testcase>
  <testcase name="checkIfLabelsDisplayCorrectValues" classname="ui.HomePageTests" time="7.552">
    <system-out><![CDATA[2023-08-18 at 12:55:42 CEST [main] &amp#27;[32mlogInfo&amp#27;[m - Loading URL:https://certviewer-00.azurewebsites.net
2023-08-18 at 12:55:44 CEST [main] &amp#27;[32mlogInfo&amp#27;[m - Filling email field with:joe.fortesting@capgemini.com
2023-08-18 at 12:55:44 CEST [main] &amp#27;[32mlogInfo&amp#27;[m - Clicking GET CERTIFICATES button
2023-08-18 at 12:55:45 CEST [main] &amp#27;[32mlogInfo&amp#27;[m - Clicking on link button
2023-08-18 at 12:55:48 CEST [main] &amp#27;[32mlogInfo&amp#27;[m - Clicking on transaction hash link
2023-08-18 at 12:55:49 CEST [main] &amp#27;[32mlogInfo&amp#27;[m - Copied URI string:eyJoYXNoZWRFbWFpbCI6IjB4ZDA1ZDJjOGJjMTUxNDY1ZWJiNjJjMGFiMDdiZTc5ZTRiMWFhYmI0MDM5ZWI2YzAxNjUxOTE4M2RkMjFmYzcwNSIsImZpcnN0TmFtZSI6IkpvZSIsImxhc3ROYW1lIjoiRm9ydGVzdGluZyIsImNlcnRUeXBlIjoiYXJjaGl0ZWN0IiwiY2VydExldmVsIjoiMCJ9
2023-08-18 at 12:55:49 CEST [main] &amp#27;[32mlogInfo&amp#27;[m - Loading URL:https://certviewer-00.azurewebsites.net
2023-08-18 at 12:55:51 CEST [main] &amp#27;[32mlogInfo&amp#27;[m - Filling email field with:joe.fortesting@capgemini.com
2023-08-18 at 12:55:51 CEST [main] &amp#27;[32mlogInfo&amp#27;[m - Clicking GET CERTIFICATES button
]]></system-out>
  </testcase>
</testsuite>